[0.542s] Invoking command in '/data/steering_ws/src/chassis_description': PYTHONPATH=/data/steering_ws/build/chassis_description/prefix_override:/data/steering_ws/install/chassis_description/lib/python3.10/site-packages:${PYTHONPATH} /usr/bin/python3 setup.py egg_info --egg-base ../../build/chassis_description build --build-base /data/steering_ws/build/chassis_description/build install --record /data/steering_ws/build/chassis_description/install.log --single-version-externally-managed
[0.759s] running egg_info
[0.759s] creating ../../build/chassis_description/chassis_description.egg-info
[0.759s] writing ../../build/chassis_description/chassis_description.egg-info/PKG-INFO
[0.759s] writing dependency_links to ../../build/chassis_description/chassis_description.egg-info/dependency_links.txt
[0.760s] writing entry points to ../../build/chassis_description/chassis_description.egg-info/entry_points.txt
[0.760s] writing requirements to ../../build/chassis_description/chassis_description.egg-info/requires.txt
[0.760s] writing top-level names to ../../build/chassis_description/chassis_description.egg-info/top_level.txt
[0.760s] writing manifest file '../../build/chassis_description/chassis_description.egg-info/SOURCES.txt'
[0.761s] reading manifest file '../../build/chassis_description/chassis_description.egg-info/SOURCES.txt'
[0.762s] writing manifest file '../../build/chassis_description/chassis_description.egg-info/SOURCES.txt'
[0.762s] running build
[0.762s] running build_py
[0.762s] creating /data/steering_ws/build/chassis_description/build
[0.762s] creating /data/steering_ws/build/chassis_description/build/lib
[0.762s] creating /data/steering_ws/build/chassis_description/build/lib/chassis_description
[0.762s] copying chassis_description/__init__.py -> /data/steering_ws/build/chassis_description/build/lib/chassis_description
[0.762s] running install
[0.763s] running install_lib
[0.763s] creating /data/steering_ws/install/chassis_description/lib/python3.10/site-packages/chassis_description
[0.763s] copying /data/steering_ws/build/chassis_description/build/lib/chassis_description/__init__.py -> /data/steering_ws/install/chassis_description/lib/python3.10/site-packages/chassis_description
[0.763s] byte-compiling /data/steering_ws/install/chassis_description/lib/python3.10/site-packages/chassis_description/__init__.py to __init__.cpython-310.pyc
[0.764s] running install_data
[0.764s] creating /data/steering_ws/install/chassis_description/share/ament_index
[0.764s] creating /data/steering_ws/install/chassis_description/share/ament_index/resource_index
[0.764s] creating /data/steering_ws/install/chassis_description/share/ament_index/resource_index/packages
[0.764s] copying resource/chassis_description -> /data/steering_ws/install/chassis_description/share/ament_index/resource_index/packages
[0.764s] copying package.xml -> /data/steering_ws/install/chassis_description/share/chassis_description
[0.764s] creating /data/steering_ws/install/chassis_description/share/chassis_description/launch
[0.765s] copying launch/display_rviz.launch.py -> /data/steering_ws/install/chassis_description/share/chassis_description/launch
[0.765s] creating /data/steering_ws/install/chassis_description/share/chassis_description/urdf
[0.765s] copying urdf/chassis_demo.urdf -> /data/steering_ws/install/chassis_description/share/chassis_description/urdf
[0.765s] creating /data/steering_ws/install/chassis_description/share/chassis_description/rviz2
[0.765s] copying rviz2/chassis_rviz.rviz -> /data/steering_ws/install/chassis_description/share/chassis_description/rviz2
[0.765s] running install_egg_info
[0.766s] Copying ../../build/chassis_description/chassis_description.egg-info to /data/steering_ws/install/chassis_description/lib/python3.10/site-packages/chassis_description-0.0.0-py3.10.egg-info
[0.767s] running install_scripts
[0.783s] writing list of installed files to '/data/steering_ws/build/chassis_description/install.log'
[0.802s] Invoked command in '/data/steering_ws/src/chassis_description' returned '0': PYTHONPATH=/data/steering_ws/build/chassis_description/prefix_override:/data/steering_ws/install/chassis_description/lib/python3.10/site-packages:${PYTHONPATH} /usr/bin/python3 setup.py egg_info --egg-base ../../build/chassis_description build --build-base /data/steering_ws/build/chassis_description/build install --record /data/steering_ws/build/chassis_description/install.log --single-version-externally-managed
