[0.290s] DEBUG:colcon:Command line arguments: ['/usr/bin/colcon', 'build']
[0.290s] DEBUG:colcon:Parsed command line arguments: Namespace(log_base=None, log_level=None, verb_name='build', build_base='build', install_base='install', merge_install=False, symlink_install=False, test_result_base=None, continue_on_error=False, executor='parallel', parallel_workers=12, event_handlers=None, ignore_user_meta=False, metas=['./colcon.meta'], base_paths=['.'], packages_ignore=None, packages_ignore_regex=None, paths=None, packages_up_to=None, packages_up_to_regex=None, packages_above=None, packages_above_and_dependencies=None, packages_above_depth=None, packages_select_by_dep=None, packages_skip_by_dep=None, packages_skip_up_to=None, packages_select_build_failed=False, packages_skip_build_finished=False, packages_select_test_failures=False, packages_skip_test_passed=False, packages_select=None, packages_skip=None, packages_select_regex=None, packages_skip_regex=None, packages_start=None, packages_end=None, cmake_args=None, cmake_target=None, cmake_target_skip_unavailable=False, cmake_clean_cache=False, cmake_clean_first=False, cmake_force_configure=False, ament_cmake_args=None, catkin_cmake_args=None, catkin_skip_building_tests=False, mixin_files=None, mixin=None, verb_parser=<colcon_mixin.mixin.mixin_argument.MixinArgumentDecorator object at 0x7fef98600550>, verb_extension=<colcon_core.verb.build.BuildVerb object at 0x7fef985cbeb0>, main=<bound method BuildVerb.main of <colcon_core.verb.build.BuildVerb object at 0x7fef985cbeb0>>, mixin_verb=('build',))
[0.309s] Level 1:colcon.colcon_core.package_discovery:discover_packages(colcon_meta) check parameters
[0.310s] INFO:colcon.colcon_metadata.package_discovery.colcon_meta:Using configuration from '/root/.colcon/metadata/default/Gazebo.meta'
[0.310s] INFO:colcon.colcon_metadata.package_discovery.colcon_meta:Using configuration from '/root/.colcon/metadata/default/fastrtps.meta'
[0.310s] Level 1:colcon.colcon_core.package_discovery:discover_packages(recursive) check parameters
[0.310s] Level 1:colcon.colcon_core.package_discovery:discover_packages(ignore) check parameters
[0.310s] Level 1:colcon.colcon_core.package_discovery:discover_packages(path) check parameters
[0.310s] Level 1:colcon.colcon_core.package_discovery:discover_packages(colcon_meta) discover
[0.310s] Level 1:colcon.colcon_core.package_discovery:discover_packages(recursive) discover
[0.310s] INFO:colcon.colcon_core.package_discovery:Crawling recursively for packages in '/data/steering_ws'
[0.310s] Level 1:colcon.colcon_core.package_identification:_identify(.) by extensions ['ignore', 'ignore_ament_install']
[0.310s] Level 1:colcon.colcon_core.package_identification:_identify(.) by extension 'ignore'
[0.311s] Level 1:colcon.colcon_core.package_identification:_identify(.) by extension 'ignore_ament_install'
[0.311s] Level 1:colcon.colcon_core.package_identification:_identify(.) by extensions ['colcon_pkg']
[0.311s] Level 1:colcon.colcon_core.package_identification:_identify(.) by extension 'colcon_pkg'
[0.311s] Level 1:colcon.colcon_core.package_identification:_identify(.) by extensions ['colcon_meta']
[0.311s] Level 1:colcon.colcon_core.package_identification:_identify(.) by extension 'colcon_meta'
[0.311s] Level 1:colcon.colcon_core.package_identification:_identify(.) by extensions ['ros']
[0.311s] Level 1:colcon.colcon_core.package_identification:_identify(.) by extension 'ros'
[0.319s] Level 1:colcon.colcon_core.package_identification:_identify(.) by extensions ['cmake', 'python']
[0.319s] Level 1:colcon.colcon_core.package_identification:_identify(.) by extension 'cmake'
[0.320s] Level 1:colcon.colcon_core.package_identification:_identify(.) by extension 'python'
[0.320s] Level 1:colcon.colcon_core.package_identification:_identify(.) by extensions ['python_setup_py']
[0.320s] Level 1:colcon.colcon_core.package_identification:_identify(.) by extension 'python_setup_py'
[0.320s] Level 1:colcon.colcon_core.package_identification:_identify(build) by extensions ['ignore', 'ignore_ament_install']
[0.320s] Level 1:colcon.colcon_core.package_identification:_identify(build) by extension 'ignore'
[0.320s] Level 1:colcon.colcon_core.package_identification:_identify(build) ignored
[0.320s] Level 1:colcon.colcon_core.package_identification:_identify(install) by extensions ['ignore', 'ignore_ament_install']
[0.320s] Level 1:colcon.colcon_core.package_identification:_identify(install) by extension 'ignore'
[0.320s] Level 1:colcon.colcon_core.package_identification:_identify(install) ignored
[0.320s] Level 1:colcon.colcon_core.package_identification:_identify(log) by extensions ['ignore', 'ignore_ament_install']
[0.320s] Level 1:colcon.colcon_core.package_identification:_identify(log) by extension 'ignore'
[0.320s] Level 1:colcon.colcon_core.package_identification:_identify(log) ignored
[0.320s] Level 1:colcon.colcon_core.package_identification:_identify(src) by extensions ['ignore', 'ignore_ament_install']
[0.320s] Level 1:colcon.colcon_core.package_identification:_identify(src) by extension 'ignore'
[0.320s] Level 1:colcon.colcon_core.package_identification:_identify(src) by extension 'ignore_ament_install'
[0.320s] Level 1:colcon.colcon_core.package_identification:_identify(src) by extensions ['colcon_pkg']
[0.320s] Level 1:colcon.colcon_core.package_identification:_identify(src) by extension 'colcon_pkg'
[0.321s] Level 1:colcon.colcon_core.package_identification:_identify(src) by extensions ['colcon_meta']
[0.321s] Level 1:colcon.colcon_core.package_identification:_identify(src) by extension 'colcon_meta'
[0.321s] Level 1:colcon.colcon_core.package_identification:_identify(src) by extensions ['ros']
[0.321s] Level 1:colcon.colcon_core.package_identification:_identify(src) by extension 'ros'
[0.321s] Level 1:colcon.colcon_core.package_identification:_identify(src) by extensions ['cmake', 'python']
[0.321s] Level 1:colcon.colcon_core.package_identification:_identify(src) by extension 'cmake'
[0.321s] Level 1:colcon.colcon_core.package_identification:_identify(src) by extension 'python'
[0.321s] Level 1:colcon.colcon_core.package_identification:_identify(src) by extensions ['python_setup_py']
[0.321s] Level 1:colcon.colcon_core.package_identification:_identify(src) by extension 'python_setup_py'
[0.321s] Level 1:colcon.colcon_core.package_identification:_identify(src/chassis) by extensions ['ignore', 'ignore_ament_install']
[0.321s] Level 1:colcon.colcon_core.package_identification:_identify(src/chassis) by extension 'ignore'
[0.321s] Level 1:colcon.colcon_core.package_identification:_identify(src/chassis) by extension 'ignore_ament_install'
[0.321s] Level 1:colcon.colcon_core.package_identification:_identify(src/chassis) by extensions ['colcon_pkg']
[0.321s] Level 1:colcon.colcon_core.package_identification:_identify(src/chassis) by extension 'colcon_pkg'
[0.321s] Level 1:colcon.colcon_core.package_identification:_identify(src/chassis) by extensions ['colcon_meta']
[0.321s] Level 1:colcon.colcon_core.package_identification:_identify(src/chassis) by extension 'colcon_meta'
[0.321s] Level 1:colcon.colcon_core.package_identification:_identify(src/chassis) by extensions ['ros']
[0.321s] Level 1:colcon.colcon_core.package_identification:_identify(src/chassis) by extension 'ros'
[0.323s] DEBUG:colcon.colcon_core.package_identification:Package 'src/chassis' with type 'ros.ament_cmake' and name 'chassis'
[0.323s] Level 1:colcon.colcon_core.package_identification:_identify(src/chassis_description) by extensions ['ignore', 'ignore_ament_install']
[0.323s] Level 1:colcon.colcon_core.package_identification:_identify(src/chassis_description) by extension 'ignore'
[0.323s] Level 1:colcon.colcon_core.package_identification:_identify(src/chassis_description) by extension 'ignore_ament_install'
[0.324s] Level 1:colcon.colcon_core.package_identification:_identify(src/chassis_description) by extensions ['colcon_pkg']
[0.324s] Level 1:colcon.colcon_core.package_identification:_identify(src/chassis_description) by extension 'colcon_pkg'
[0.324s] Level 1:colcon.colcon_core.package_identification:_identify(src/chassis_description) by extensions ['colcon_meta']
[0.324s] Level 1:colcon.colcon_core.package_identification:_identify(src/chassis_description) by extension 'colcon_meta'
[0.324s] Level 1:colcon.colcon_core.package_identification:_identify(src/chassis_description) by extensions ['ros']
[0.324s] Level 1:colcon.colcon_core.package_identification:_identify(src/chassis_description) by extension 'ros'
[0.324s] DEBUG:colcon.colcon_core.package_identification:Package 'src/chassis_description' with type 'ros.ament_python' and name 'chassis_description'
[0.324s] Level 1:colcon.colcon_core.package_discovery:discover_packages(recursive) using defaults
[0.324s] Level 1:colcon.colcon_core.package_discovery:discover_packages(ignore) discover
[0.324s] Level 1:colcon.colcon_core.package_discovery:discover_packages(ignore) using defaults
[0.324s] Level 1:colcon.colcon_core.package_discovery:discover_packages(path) discover
[0.324s] Level 1:colcon.colcon_core.package_discovery:discover_packages(path) using defaults
[0.343s] Level 5:colcon.colcon_core.verb:set package 'chassis' build argument 'cmake_args' from command line to 'None'
[0.343s] Level 5:colcon.colcon_core.verb:set package 'chassis' build argument 'cmake_target' from command line to 'None'
[0.343s] Level 5:colcon.colcon_core.verb:set package 'chassis' build argument 'cmake_target_skip_unavailable' from command line to 'False'
[0.343s] Level 5:colcon.colcon_core.verb:set package 'chassis' build argument 'cmake_clean_cache' from command line to 'False'
[0.343s] Level 5:colcon.colcon_core.verb:set package 'chassis' build argument 'cmake_clean_first' from command line to 'False'
[0.343s] Level 5:colcon.colcon_core.verb:set package 'chassis' build argument 'cmake_force_configure' from command line to 'False'
[0.343s] Level 5:colcon.colcon_core.verb:set package 'chassis' build argument 'ament_cmake_args' from command line to 'None'
[0.343s] Level 5:colcon.colcon_core.verb:set package 'chassis' build argument 'catkin_cmake_args' from command line to 'None'
[0.343s] Level 5:colcon.colcon_core.verb:set package 'chassis' build argument 'catkin_skip_building_tests' from command line to 'False'
[0.343s] DEBUG:colcon.colcon_core.verb:Building package 'chassis' with the following arguments: {'ament_cmake_args': None, 'build_base': '/data/steering_ws/build/chassis', 'catkin_cmake_args': None, 'catkin_skip_building_tests': False, 'cmake_args': None, 'cmake_clean_cache': False, 'cmake_clean_first': False, 'cmake_force_configure': False, 'cmake_target': None, 'cmake_target_skip_unavailable': False, 'install_base': '/data/steering_ws/install/chassis', 'merge_install': False, 'path': '/data/steering_ws/src/chassis', 'symlink_install': False, 'test_result_base': None}
[0.344s] Level 5:colcon.colcon_core.verb:set package 'chassis_description' build argument 'cmake_args' from command line to 'None'
[0.344s] Level 5:colcon.colcon_core.verb:set package 'chassis_description' build argument 'cmake_target' from command line to 'None'
[0.344s] Level 5:colcon.colcon_core.verb:set package 'chassis_description' build argument 'cmake_target_skip_unavailable' from command line to 'False'
[0.344s] Level 5:colcon.colcon_core.verb:set package 'chassis_description' build argument 'cmake_clean_cache' from command line to 'False'
[0.344s] Level 5:colcon.colcon_core.verb:set package 'chassis_description' build argument 'cmake_clean_first' from command line to 'False'
[0.344s] Level 5:colcon.colcon_core.verb:set package 'chassis_description' build argument 'cmake_force_configure' from command line to 'False'
[0.344s] Level 5:colcon.colcon_core.verb:set package 'chassis_description' build argument 'ament_cmake_args' from command line to 'None'
[0.344s] Level 5:colcon.colcon_core.verb:set package 'chassis_description' build argument 'catkin_cmake_args' from command line to 'None'
[0.344s] Level 5:colcon.colcon_core.verb:set package 'chassis_description' build argument 'catkin_skip_building_tests' from command line to 'False'
[0.344s] DEBUG:colcon.colcon_core.verb:Building package 'chassis_description' with the following arguments: {'ament_cmake_args': None, 'build_base': '/data/steering_ws/build/chassis_description', 'catkin_cmake_args': None, 'catkin_skip_building_tests': False, 'cmake_args': None, 'cmake_clean_cache': False, 'cmake_clean_first': False, 'cmake_force_configure': False, 'cmake_target': None, 'cmake_target_skip_unavailable': False, 'install_base': '/data/steering_ws/install/chassis_description', 'merge_install': False, 'path': '/data/steering_ws/src/chassis_description', 'symlink_install': False, 'test_result_base': None}
[0.345s] INFO:colcon.colcon_core.executor:Executing jobs using 'parallel' executor
[0.347s] DEBUG:colcon.colcon_parallel_executor.executor.parallel:run_until_complete
[0.348s] INFO:colcon.colcon_ros.task.ament_cmake.build:Building ROS package in '/data/steering_ws/src/chassis' with build type 'ament_cmake'
[0.348s] INFO:colcon.colcon_cmake.task.cmake.build:Building CMake package in '/data/steering_ws/src/chassis'
[0.352s] INFO:colcon.colcon_core.plugin_system:Skipping extension 'colcon_core.shell.bat': Not used on non-Windows systems
[0.352s] INFO:colcon.colcon_core.shell:Skip shell extension 'powershell' for command environment: Not usable outside of PowerShell
[0.352s] DEBUG:colcon.colcon_core.shell:Skip shell extension 'dsv' for command environment
[0.356s] INFO:colcon.colcon_ros.task.ament_python.build:Building ROS package in '/data/steering_ws/src/chassis_description' with build type 'ament_python'
[0.356s] Level 1:colcon.colcon_core.shell:create_environment_hook('chassis_description', 'ament_prefix_path')
[0.358s] INFO:colcon.colcon_core.shell:Creating environment hook '/data/steering_ws/install/chassis_description/share/chassis_description/hook/ament_prefix_path.ps1'
[0.358s] INFO:colcon.colcon_core.shell:Creating environment descriptor '/data/steering_ws/install/chassis_description/share/chassis_description/hook/ament_prefix_path.dsv'
[0.358s] INFO:colcon.colcon_core.shell:Creating environment hook '/data/steering_ws/install/chassis_description/share/chassis_description/hook/ament_prefix_path.sh'
[0.360s] INFO:colcon.colcon_core.shell:Skip shell extension 'powershell' for command environment: Not usable outside of PowerShell
[0.360s] DEBUG:colcon.colcon_core.shell:Skip shell extension 'dsv' for command environment
[0.366s] DEBUG:colcon.colcon_core.event_handler.log_command:Invoking command in '/data/steering_ws/build/chassis': CMAKE_PREFIX_PATH=${CMAKE_PREFIX_PATH}:/data/steering_ws/install/chassis_description:/opt/ros/humble /usr/bin/cmake --build /data/steering_ws/build/chassis -- -j12 -l12
[0.591s] INFO:colcon.colcon_core.task.python.build:Building Python package in '/data/steering_ws/src/chassis_description'
[0.592s] INFO:colcon.colcon_core.shell:Skip shell extension 'powershell' for command environment: Not usable outside of PowerShell
[0.592s] DEBUG:colcon.colcon_core.shell:Skip shell extension 'dsv' for command environment
[0.880s] DEBUG:colcon.colcon_core.event_handler.log_command:Invoking command in '/data/steering_ws/src/chassis_description': PYTHONPATH=/data/steering_ws/build/chassis_description/prefix_override:/data/steering_ws/install/chassis_description/lib/python3.10/site-packages:${PYTHONPATH} /usr/bin/python3 setup.py egg_info --egg-base ../../build/chassis_description build --build-base /data/steering_ws/build/chassis_description/build install --record /data/steering_ws/build/chassis_description/install.log --single-version-externally-managed
[1.149s] DEBUG:colcon.colcon_core.event_handler.log_command:Invoked command in '/data/steering_ws/src/chassis_description' returned '0': PYTHONPATH=/data/steering_ws/build/chassis_description/prefix_override:/data/steering_ws/install/chassis_description/lib/python3.10/site-packages:${PYTHONPATH} /usr/bin/python3 setup.py egg_info --egg-base ../../build/chassis_description build --build-base /data/steering_ws/build/chassis_description/build install --record /data/steering_ws/build/chassis_description/install.log --single-version-externally-managed
[1.153s] Level 1:colcon.colcon_core.environment:checking '/data/steering_ws/install/chassis_description' for CMake module files
[1.153s] Level 1:colcon.colcon_core.environment:checking '/data/steering_ws/install/chassis_description' for CMake config files
[1.154s] Level 1:colcon.colcon_core.environment:checking '/data/steering_ws/install/chassis_description/lib'
[1.154s] Level 1:colcon.colcon_core.environment:checking '/data/steering_ws/install/chassis_description/bin'
[1.154s] Level 1:colcon.colcon_core.environment:checking '/data/steering_ws/install/chassis_description/lib/pkgconfig/chassis_description.pc'
[1.154s] Level 1:colcon.colcon_core.environment:checking '/data/steering_ws/install/chassis_description/lib/python3.10/site-packages'
[1.154s] Level 1:colcon.colcon_core.shell:create_environment_hook('chassis_description', 'pythonpath')
[1.155s] INFO:colcon.colcon_core.shell:Creating environment hook '/data/steering_ws/install/chassis_description/share/chassis_description/hook/pythonpath.ps1'
[1.155s] INFO:colcon.colcon_core.shell:Creating environment descriptor '/data/steering_ws/install/chassis_description/share/chassis_description/hook/pythonpath.dsv'
[1.156s] INFO:colcon.colcon_core.shell:Creating environment hook '/data/steering_ws/install/chassis_description/share/chassis_description/hook/pythonpath.sh'
[1.156s] Level 1:colcon.colcon_core.environment:checking '/data/steering_ws/install/chassis_description/bin'
[1.156s] Level 1:colcon.colcon_core.environment:create_environment_scripts_only(chassis_description)
[1.157s] INFO:colcon.colcon_core.shell:Creating package script '/data/steering_ws/install/chassis_description/share/chassis_description/package.ps1'
[1.158s] INFO:colcon.colcon_core.shell:Creating package descriptor '/data/steering_ws/install/chassis_description/share/chassis_description/package.dsv'
[1.158s] INFO:colcon.colcon_core.shell:Creating package script '/data/steering_ws/install/chassis_description/share/chassis_description/package.sh'
[1.159s] INFO:colcon.colcon_core.shell:Creating package script '/data/steering_ws/install/chassis_description/share/chassis_description/package.bash'
[1.159s] INFO:colcon.colcon_core.shell:Creating package script '/data/steering_ws/install/chassis_description/share/chassis_description/package.zsh'
[1.160s] Level 1:colcon.colcon_core.environment:create_file_with_runtime_dependencies(/data/steering_ws/install/chassis_description/share/colcon-core/packages/chassis_description)
[3.985s] DEBUG:colcon.colcon_core.event_handler.log_command:Invoked command in '/data/steering_ws/build/chassis' returned '0': CMAKE_PREFIX_PATH=${CMAKE_PREFIX_PATH}:/data/steering_ws/install/chassis_description:/opt/ros/humble /usr/bin/cmake --build /data/steering_ws/build/chassis -- -j12 -l12
[4.007s] DEBUG:colcon.colcon_core.event_handler.log_command:Invoking command in '/data/steering_ws/build/chassis': CMAKE_PREFIX_PATH=${CMAKE_PREFIX_PATH}:/data/steering_ws/install/chassis_description:/opt/ros/humble /usr/bin/cmake --install /data/steering_ws/build/chassis
[4.014s] Level 1:colcon.colcon_core.environment:create_environment_scripts_only(chassis)
[4.017s] Level 1:colcon.colcon_core.environment:checking '/data/steering_ws/install/chassis' for CMake module files
[4.017s] DEBUG:colcon.colcon_core.event_handler.log_command:Invoked command in '/data/steering_ws/build/chassis' returned '0': CMAKE_PREFIX_PATH=${CMAKE_PREFIX_PATH}:/data/steering_ws/install/chassis_description:/opt/ros/humble /usr/bin/cmake --install /data/steering_ws/build/chassis
[4.017s] Level 1:colcon.colcon_core.environment:checking '/data/steering_ws/install/chassis' for CMake config files
[4.017s] Level 1:colcon.colcon_core.shell:create_environment_hook('chassis', 'cmake_prefix_path')
[4.018s] INFO:colcon.colcon_core.shell:Creating environment hook '/data/steering_ws/install/chassis/share/chassis/hook/cmake_prefix_path.ps1'
[4.019s] INFO:colcon.colcon_core.shell:Creating environment descriptor '/data/steering_ws/install/chassis/share/chassis/hook/cmake_prefix_path.dsv'
[4.019s] INFO:colcon.colcon_core.shell:Creating environment hook '/data/steering_ws/install/chassis/share/chassis/hook/cmake_prefix_path.sh'
[4.019s] Level 1:colcon.colcon_core.environment:checking '/data/steering_ws/install/chassis/lib'
[4.020s] Level 1:colcon.colcon_core.environment:checking '/data/steering_ws/install/chassis/bin'
[4.020s] Level 1:colcon.colcon_core.environment:checking '/data/steering_ws/install/chassis/lib/pkgconfig/chassis.pc'
[4.020s] Level 1:colcon.colcon_core.environment:checking '/data/steering_ws/install/chassis/lib/python3.10/site-packages'
[4.020s] Level 1:colcon.colcon_core.environment:checking '/data/steering_ws/install/chassis/bin'
[4.021s] INFO:colcon.colcon_core.shell:Creating package script '/data/steering_ws/install/chassis/share/chassis/package.ps1'
[4.021s] INFO:colcon.colcon_core.shell:Creating package descriptor '/data/steering_ws/install/chassis/share/chassis/package.dsv'
[4.021s] INFO:colcon.colcon_core.shell:Creating package script '/data/steering_ws/install/chassis/share/chassis/package.sh'
[4.022s] INFO:colcon.colcon_core.shell:Creating package script '/data/steering_ws/install/chassis/share/chassis/package.bash'
[4.022s] INFO:colcon.colcon_core.shell:Creating package script '/data/steering_ws/install/chassis/share/chassis/package.zsh'
[4.022s] Level 1:colcon.colcon_core.environment:create_file_with_runtime_dependencies(/data/steering_ws/install/chassis/share/colcon-core/packages/chassis)
[4.038s] Level 1:colcon.colcon_core.environment:create_environment_scripts_only(chassis)
[4.040s] Level 1:colcon.colcon_core.environment:checking '/data/steering_ws/install/chassis' for CMake module files
[4.040s] Level 1:colcon.colcon_core.environment:checking '/data/steering_ws/install/chassis' for CMake config files
[4.040s] Level 1:colcon.colcon_core.shell:create_environment_hook('chassis', 'cmake_prefix_path')
[4.041s] INFO:colcon.colcon_core.shell:Creating environment hook '/data/steering_ws/install/chassis/share/chassis/hook/cmake_prefix_path.ps1'
[4.042s] INFO:colcon.colcon_core.shell:Creating environment descriptor '/data/steering_ws/install/chassis/share/chassis/hook/cmake_prefix_path.dsv'
[4.042s] INFO:colcon.colcon_core.shell:Creating environment hook '/data/steering_ws/install/chassis/share/chassis/hook/cmake_prefix_path.sh'
[4.042s] Level 1:colcon.colcon_core.environment:checking '/data/steering_ws/install/chassis/lib'
[4.042s] Level 1:colcon.colcon_core.environment:checking '/data/steering_ws/install/chassis/bin'
[4.042s] Level 1:colcon.colcon_core.environment:checking '/data/steering_ws/install/chassis/lib/pkgconfig/chassis.pc'
[4.042s] Level 1:colcon.colcon_core.environment:checking '/data/steering_ws/install/chassis/lib/python3.10/site-packages'
[4.043s] Level 1:colcon.colcon_core.environment:checking '/data/steering_ws/install/chassis/bin'
[4.044s] INFO:colcon.colcon_core.shell:Creating package script '/data/steering_ws/install/chassis/share/chassis/package.ps1'
[4.044s] INFO:colcon.colcon_core.shell:Creating package descriptor '/data/steering_ws/install/chassis/share/chassis/package.dsv'
[4.044s] INFO:colcon.colcon_core.shell:Creating package script '/data/steering_ws/install/chassis/share/chassis/package.sh'
[4.045s] INFO:colcon.colcon_core.shell:Creating package script '/data/steering_ws/install/chassis/share/chassis/package.bash'
[4.045s] INFO:colcon.colcon_core.shell:Creating package script '/data/steering_ws/install/chassis/share/chassis/package.zsh'
[4.045s] Level 1:colcon.colcon_core.environment:create_file_with_runtime_dependencies(/data/steering_ws/install/chassis/share/colcon-core/packages/chassis)
[4.045s] DEBUG:colcon.colcon_parallel_executor.executor.parallel:closing loop
[4.046s] DEBUG:colcon.colcon_parallel_executor.executor.parallel:loop closed
[4.046s] DEBUG:colcon.colcon_parallel_executor.executor.parallel:run_until_complete finished with '0'
[4.046s] DEBUG:colcon.colcon_core.event_reactor:joining thread
[4.051s] INFO:colcon.colcon_core.plugin_system:Skipping extension 'colcon_notification.desktop_notification.notify_send': Could not find 'notify-send'
[4.051s] INFO:colcon.colcon_core.plugin_system:Skipping extension 'colcon_notification.desktop_notification.terminal_notifier': Not used on non-Darwin systems
[4.051s] INFO:colcon.colcon_core.plugin_system:Skipping extension 'colcon_notification.desktop_notification.win32': Not used on non-Windows systems
[4.051s] INFO:colcon.colcon_notification.desktop_notification:Sending desktop notification using 'notify2'
[4.053s] DEBUG:colcon.colcon_notification.desktop_notification.notify2:Failed to initialize notify2: org.freedesktop.DBus.Error.Spawn.ExecFailed: /usr/bin/dbus-launch terminated abnormally without any error message
[4.053s] DEBUG:colcon.colcon_core.event_reactor:joined thread
[4.055s] INFO:colcon.colcon_core.shell:Creating prefix script '/data/steering_ws/install/local_setup.ps1'
[4.056s] INFO:colcon.colcon_core.shell:Creating prefix util module '/data/steering_ws/install/_local_setup_util_ps1.py'
[4.057s] INFO:colcon.colcon_core.shell:Creating prefix chain script '/data/steering_ws/install/setup.ps1'
[4.058s] INFO:colcon.colcon_core.shell:Creating prefix script '/data/steering_ws/install/local_setup.sh'
[4.059s] INFO:colcon.colcon_core.shell:Creating prefix util module '/data/steering_ws/install/_local_setup_util_sh.py'
[4.059s] INFO:colcon.colcon_core.shell:Creating prefix chain script '/data/steering_ws/install/setup.sh'
[4.061s] INFO:colcon.colcon_core.shell:Creating prefix script '/data/steering_ws/install/local_setup.bash'
[4.061s] INFO:colcon.colcon_core.shell:Creating prefix chain script '/data/steering_ws/install/setup.bash'
[4.062s] INFO:colcon.colcon_core.shell:Creating prefix script '/data/steering_ws/install/local_setup.zsh'
[4.062s] INFO:colcon.colcon_core.shell:Creating prefix chain script '/data/steering_ws/install/setup.zsh'
