[0.531s] Invoking command in '/data/steering_ws/src/chassis_description': PYTHONPATH=/data/steering_ws/build/chassis_description/prefix_override:/data/steering_ws/install/chassis_description/lib/python3.10/site-packages:${PYTHONPATH} /usr/bin/python3 setup.py egg_info --egg-base ../../build/chassis_description build --build-base /data/steering_ws/build/chassis_description/build install --record /data/steering_ws/build/chassis_description/install.log --single-version-externally-managed
[0.744s] running egg_info
[0.745s] writing ../../build/chassis_description/chassis_description.egg-info/PKG-INFO
[0.745s] writing dependency_links to ../../build/chassis_description/chassis_description.egg-info/dependency_links.txt
[0.745s] writing entry points to ../../build/chassis_description/chassis_description.egg-info/entry_points.txt
[0.745s] writing requirements to ../../build/chassis_description/chassis_description.egg-info/requires.txt
[0.745s] writing top-level names to ../../build/chassis_description/chassis_description.egg-info/top_level.txt
[0.747s] reading manifest file '../../build/chassis_description/chassis_description.egg-info/SOURCES.txt'
[0.747s] writing manifest file '../../build/chassis_description/chassis_description.egg-info/SOURCES.txt'
[0.747s] running build
[0.748s] running build_py
[0.748s] running install
[0.748s] running install_lib
[0.749s] running install_data
[0.749s] copying launch/display_rviz.launch.py -> /data/steering_ws/install/chassis_description/share/chassis_description/launch
[0.749s] running install_egg_info
[0.751s] removing '/data/steering_ws/install/chassis_description/lib/python3.10/site-packages/chassis_description-0.0.0-py3.10.egg-info' (and everything under it)
[0.751s] Copying ../../build/chassis_description/chassis_description.egg-info to /data/steering_ws/install/chassis_description/lib/python3.10/site-packages/chassis_description-0.0.0-py3.10.egg-info
[0.752s] running install_scripts
[0.767s] writing list of installed files to '/data/steering_ws/build/chassis_description/install.log'
[0.786s] Invoked command in '/data/steering_ws/src/chassis_description' returned '0': PYTHONPATH=/data/steering_ws/build/chassis_description/prefix_override:/data/steering_ws/install/chassis_description/lib/python3.10/site-packages:${PYTHONPATH} /usr/bin/python3 setup.py egg_info --egg-base ../../build/chassis_description build --build-base /data/steering_ws/build/chassis_description/build install --record /data/steering_ws/build/chassis_description/install.log --single-version-externally-managed
