[0.019s] Invoking command in '/data/steering_ws/build/chassis': CMAKE_PREFIX_PATH=${CMAKE_PREFIX_PATH}:/data/steering_ws/install/chassis_description:/opt/ros/humble /usr/bin/cmake /data/steering_ws/src/chassis -DCMAKE_INSTALL_PREFIX=/data/steering_ws/install/chassis
[0.057s] -- The C compiler identification is GNU 11.4.0
[0.098s] -- The CXX compiler identification is GNU 11.4.0
[0.103s] -- Detecting C compiler ABI info
[0.152s] -- Detecting C compiler ABI info - done
[0.158s] -- Check for working C compiler: /usr/bin/cc - skipped
[0.158s] -- Detecting C compile features
[0.159s] -- Detecting C compile features - done
[0.161s] -- Detecting CXX compiler ABI info
[0.225s] -- Detecting CXX compiler ABI info - done
[0.231s] -- Check for working CXX compiler: /usr/bin/c++ - skipped
[0.232s] -- Detecting CXX compile features
[0.232s] -- Detecting CXX compile features - done
[0.235s] -- Found ament_cmake: 1.3.5 (/opt/ros/humble/share/ament_cmake/cmake)
[0.375s] -- Found Python3: /usr/bin/python3.10 (found version "3.10.12") found components: Interpreter 
[0.456s] -- Found rclcpp: 16.0.5 (/opt/ros/humble/share/rclcpp/cmake)
[0.496s] -- Found rosidl_generator_c: 3.1.5 (/opt/ros/humble/share/rosidl_generator_c/cmake)
[0.501s] -- Found rosidl_adapter: 3.1.5 (/opt/ros/humble/share/rosidl_adapter/cmake)
[0.510s] -- Found rosidl_generator_cpp: 3.1.5 (/opt/ros/humble/share/rosidl_generator_cpp/cmake)
[0.525s] -- Using all available rosidl_typesupport_c: rosidl_typesupport_fastrtps_c;rosidl_typesupport_introspection_c
[0.554s] -- Using all available rosidl_typesupport_cpp: rosidl_typesupport_fastrtps_cpp;rosidl_typesupport_introspection_cpp
[0.633s] -- Found rmw_implementation_cmake: 6.1.1 (/opt/ros/humble/share/rmw_implementation_cmake/cmake)
[0.635s] -- Found rmw_fastrtps_cpp: 6.2.3 (/opt/ros/humble/share/rmw_fastrtps_cpp/cmake)
[0.714s] -- Found OpenSSL: /usr/lib/x86_64-linux-gnu/libcrypto.so (found version "3.0.2")  
[0.737s] -- Found FastRTPS: /opt/ros/humble/include  
[0.778s] -- Using RMW implementation 'rmw_fastrtps_cpp' as default
[0.789s] -- Looking for pthread.h
[0.842s] -- Looking for pthread.h - found
[0.842s] -- Performing Test CMAKE_HAVE_LIBC_PTHREAD
[0.894s] -- Performing Test CMAKE_HAVE_LIBC_PTHREAD - Success
[0.895s] -- Found Threads: TRUE  
[1.044s] -- Found sensor_msgs: 4.2.3 (/opt/ros/humble/share/sensor_msgs/cmake)
[1.163s] -- Found ament_lint_auto: 0.12.7 (/opt/ros/humble/share/ament_lint_auto/cmake)
[1.229s] -- Added test 'cppcheck' to perform static code analysis on C / C++ code
[1.230s] -- Configured cppcheck include dirs: 
[1.230s] -- Configured cppcheck exclude dirs and/or files: 
[1.230s] -- Added test 'lint_cmake' to check CMake code style
[1.231s] -- Added test 'uncrustify' to check C / C++ code style
[1.231s] -- Configured uncrustify additional arguments: 
[1.231s] -- Added test 'xmllint' to check XML markup files
[1.232s] -- Configuring done
[1.240s] -- Generating done
[1.241s] -- Build files have been written to: /data/steering_ws/build/chassis
[1.247s] Invoked command in '/data/steering_ws/build/chassis' returned '0': CMAKE_PREFIX_PATH=${CMAKE_PREFIX_PATH}:/data/steering_ws/install/chassis_description:/opt/ros/humble /usr/bin/cmake /data/steering_ws/src/chassis -DCMAKE_INSTALL_PREFIX=/data/steering_ws/install/chassis
[1.248s] Invoking command in '/data/steering_ws/build/chassis': CMAKE_PREFIX_PATH=${CMAKE_PREFIX_PATH}:/data/steering_ws/install/chassis_description:/opt/ros/humble /usr/bin/cmake --build /data/steering_ws/build/chassis -- -j12 -l12
[1.283s] [ 50%] [32mBuilding CXX object CMakeFiles/steering.dir/src/chassis_control.cpp.o[0m
[4.721s] [100%] [32m[1mLinking CXX executable steering[0m
[4.864s] [100%] Built target steering
[4.872s] Invoked command in '/data/steering_ws/build/chassis' returned '0': CMAKE_PREFIX_PATH=${CMAKE_PREFIX_PATH}:/data/steering_ws/install/chassis_description:/opt/ros/humble /usr/bin/cmake --build /data/steering_ws/build/chassis -- -j12 -l12
[4.894s] Invoking command in '/data/steering_ws/build/chassis': CMAKE_PREFIX_PATH=${CMAKE_PREFIX_PATH}:/data/steering_ws/install/chassis_description:/opt/ros/humble /usr/bin/cmake --install /data/steering_ws/build/chassis
[4.900s] -- Install configuration: ""
[4.900s] -- Installing: /data/steering_ws/install/chassis/lib/chassis/steering
[4.901s] -- Set runtime path of "/data/steering_ws/install/chassis/lib/chassis/steering" to ""
[4.901s] -- Installing: /data/steering_ws/install/chassis/share/ament_index/resource_index/package_run_dependencies/chassis
[4.902s] -- Installing: /data/steering_ws/install/chassis/share/ament_index/resource_index/parent_prefix_path/chassis
[4.902s] -- Installing: /data/steering_ws/install/chassis/share/chassis/environment/ament_prefix_path.sh
[4.902s] -- Installing: /data/steering_ws/install/chassis/share/chassis/environment/ament_prefix_path.dsv
[4.902s] -- Installing: /data/steering_ws/install/chassis/share/chassis/environment/path.sh
[4.902s] -- Installing: /data/steering_ws/install/chassis/share/chassis/environment/path.dsv
[4.902s] -- Installing: /data/steering_ws/install/chassis/share/chassis/local_setup.bash
[4.902s] -- Installing: /data/steering_ws/install/chassis/share/chassis/local_setup.sh
[4.902s] -- Installing: /data/steering_ws/install/chassis/share/chassis/local_setup.zsh
[4.902s] -- Installing: /data/steering_ws/install/chassis/share/chassis/local_setup.dsv
[4.902s] -- Installing: /data/steering_ws/install/chassis/share/chassis/package.dsv
[4.902s] -- Installing: /data/steering_ws/install/chassis/share/ament_index/resource_index/packages/chassis
[4.902s] -- Installing: /data/steering_ws/install/chassis/share/chassis/cmake/chassisConfig.cmake
[4.902s] -- Installing: /data/steering_ws/install/chassis/share/chassis/cmake/chassisConfig-version.cmake
[4.903s] -- Installing: /data/steering_ws/install/chassis/share/chassis/package.xml
[4.905s] Invoked command in '/data/steering_ws/build/chassis' returned '0': CMAKE_PREFIX_PATH=${CMAKE_PREFIX_PATH}:/data/steering_ws/install/chassis_description:/opt/ros/humble /usr/bin/cmake --install /data/steering_ws/build/chassis
