[0.627s] Invoking command in '/data/steering_ws/src/chassis_description': PYTHONPATH=/data/steering_ws/build/chassis_description/prefix_override:/data/steering_ws/install/chassis_description/lib/python3.10/site-packages:${PYTHONPATH} /usr/bin/python3 setup.py egg_info --egg-base ../../build/chassis_description build --build-base /data/steering_ws/build/chassis_description/build install --record /data/steering_ws/build/chassis_description/install.log --single-version-externally-managed
[0.873s] running egg_info
[0.874s] writing ../../build/chassis_description/chassis_description.egg-info/PKG-INFO
[0.874s] writing dependency_links to ../../build/chassis_description/chassis_description.egg-info/dependency_links.txt
[0.874s] writing entry points to ../../build/chassis_description/chassis_description.egg-info/entry_points.txt
[0.874s] writing requirements to ../../build/chassis_description/chassis_description.egg-info/requires.txt
[0.874s] writing top-level names to ../../build/chassis_description/chassis_description.egg-info/top_level.txt
[0.876s] reading manifest file '../../build/chassis_description/chassis_description.egg-info/SOURCES.txt'
[0.877s] writing manifest file '../../build/chassis_description/chassis_description.egg-info/SOURCES.txt'
[0.877s] running build
[0.877s] running build_py
[0.877s] running install
[0.877s] running install_lib
[0.878s] running install_data
[0.878s] running install_egg_info
[0.880s] removing '/data/steering_ws/install/chassis_description/lib/python3.10/site-packages/chassis_description-0.0.0-py3.10.egg-info' (and everything under it)
[0.880s] Copying ../../build/chassis_description/chassis_description.egg-info to /data/steering_ws/install/chassis_description/lib/python3.10/site-packages/chassis_description-0.0.0-py3.10.egg-info
[0.881s] running install_scripts
[0.898s] writing list of installed files to '/data/steering_ws/build/chassis_description/install.log'
[0.923s] Invoked command in '/data/steering_ws/src/chassis_description' returned '0': PYTHONPATH=/data/steering_ws/build/chassis_description/prefix_override:/data/steering_ws/install/chassis_description/lib/python3.10/site-packages:${PYTHONPATH} /usr/bin/python3 setup.py egg_info --egg-base ../../build/chassis_description build --build-base /data/steering_ws/build/chassis_description/build install --record /data/steering_ws/build/chassis_description/install.log --single-version-externally-managed
