[35m[1mConsolidate compiler generated dependencies of target steering[0m
[ 50%] [32mBuilding CXX object CMakeFiles/steering.dir/src/chassis_control.cpp.o[0m
[100%] [32m[1mLinking CXX executable steering[0m
[100%] Built target steering
-- Install configuration: ""
-- Installing: /data/steering_ws/install/chassis/lib/chassis/steering
-- Set runtime path of "/data/steering_ws/install/chassis/lib/chassis/steering" to ""
-- Up-to-date: /data/steering_ws/install/chassis/share/ament_index/resource_index/package_run_dependencies/chassis
-- Up-to-date: /data/steering_ws/install/chassis/share/ament_index/resource_index/parent_prefix_path/chassis
-- Up-to-date: /data/steering_ws/install/chassis/share/chassis/environment/ament_prefix_path.sh
-- Up-to-date: /data/steering_ws/install/chassis/share/chassis/environment/ament_prefix_path.dsv
-- Up-to-date: /data/steering_ws/install/chassis/share/chassis/environment/path.sh
-- Up-to-date: /data/steering_ws/install/chassis/share/chassis/environment/path.dsv
-- Up-to-date: /data/steering_ws/install/chassis/share/chassis/local_setup.bash
-- Up-to-date: /data/steering_ws/install/chassis/share/chassis/local_setup.sh
-- Up-to-date: /data/steering_ws/install/chassis/share/chassis/local_setup.zsh
-- Up-to-date: /data/steering_ws/install/chassis/share/chassis/local_setup.dsv
-- Installing: /data/steering_ws/install/chassis/share/chassis/package.dsv
-- Up-to-date: /data/steering_ws/install/chassis/share/ament_index/resource_index/packages/chassis
-- Up-to-date: /data/steering_ws/install/chassis/share/chassis/cmake/chassisConfig.cmake
-- Up-to-date: /data/steering_ws/install/chassis/share/chassis/cmake/chassisConfig-version.cmake
-- Up-to-date: /data/steering_ws/install/chassis/share/chassis/package.xml
