[35m[1mConsolidate compiler generated dependencies of target steering[0m
[ 50%] [32mBuilding CXX object CMakeFiles/steering.dir/src/chassis_control.cpp.o[0m
[01m[K/data/steering_ws/src/chassis/src/chassis_control.cpp:[m[K In member function ‘[01m[Kvoid Chassis::pub_joint_data(const std::vector<std::__cxx11::basic_string<char> >&, const std::vector<double, std::allocator<double> >&, const std::vector<double, std::allocator<double> >&, const std::vector<double, std::allocator<double> >&)[m[K’:
[01m[K/data/steering_ws/src/chassis/src/chassis_control.cpp:98:52:[m[K [01;35m[Kwarning: [m[Kunused parameter ‘[01m[Kspeed[m[K’ [[01;35m[K-Wunused-parameter[m[K]
   98 |                         [01;35m[Kconst std::vector<double> &speed[m[K,
      |                         [01;35m[K~~~~~~~~~~~~~~~~~~~~~~~~~~~^~~~~[m[K
[100%] [32m[1mLinking CXX executable steering[0m
[100%] Built target steering
-- Install configuration: ""
-- Installing: /data/steering_ws/install/chassis/lib/chassis/steering
-- Set runtime path of "/data/steering_ws/install/chassis/lib/chassis/steering" to ""
-- Up-to-date: /data/steering_ws/install/chassis/share/ament_index/resource_index/package_run_dependencies/chassis
-- Up-to-date: /data/steering_ws/install/chassis/share/ament_index/resource_index/parent_prefix_path/chassis
-- Up-to-date: /data/steering_ws/install/chassis/share/chassis/environment/ament_prefix_path.sh
-- Up-to-date: /data/steering_ws/install/chassis/share/chassis/environment/ament_prefix_path.dsv
-- Up-to-date: /data/steering_ws/install/chassis/share/chassis/environment/path.sh
-- Up-to-date: /data/steering_ws/install/chassis/share/chassis/environment/path.dsv
-- Up-to-date: /data/steering_ws/install/chassis/share/chassis/local_setup.bash
-- Up-to-date: /data/steering_ws/install/chassis/share/chassis/local_setup.sh
-- Up-to-date: /data/steering_ws/install/chassis/share/chassis/local_setup.zsh
-- Up-to-date: /data/steering_ws/install/chassis/share/chassis/local_setup.dsv
-- Installing: /data/steering_ws/install/chassis/share/chassis/package.dsv
-- Up-to-date: /data/steering_ws/install/chassis/share/ament_index/resource_index/packages/chassis
-- Up-to-date: /data/steering_ws/install/chassis/share/chassis/cmake/chassisConfig.cmake
-- Up-to-date: /data/steering_ws/install/chassis/share/chassis/cmake/chassisConfig-version.cmake
-- Up-to-date: /data/steering_ws/install/chassis/share/chassis/package.xml
