[0.017s] Invoking command in '/data/steering_ws/build/chassis': CMAKE_PREFIX_PATH=${CMAKE_PREFIX_PATH}:/data/steering_ws/install/chassis_description:/opt/ros/humble /usr/bin/cmake --build /data/steering_ws/build/chassis -- -j12 -l12
[0.058s] [100%] Built target steering
[0.240s] Invoked command in '/data/steering_ws/build/chassis' returned '0': CMAKE_PREFIX_PATH=${CMAKE_PREFIX_PATH}:/data/steering_ws/install/chassis_description:/opt/ros/humble /usr/bin/cmake --build /data/steering_ws/build/chassis -- -j12 -l12
[0.262s] Invoking command in '/data/steering_ws/build/chassis': CMAKE_PREFIX_PATH=${CMAKE_PREFIX_PATH}:/data/steering_ws/install/chassis_description:/opt/ros/humble /usr/bin/cmake --install /data/steering_ws/build/chassis
[0.267s] -- Install configuration: ""
[0.267s] -- Up-to-date: /data/steering_ws/install/chassis/lib/chassis/steering
[0.267s] -- Up-to-date: /data/steering_ws/install/chassis/share/ament_index/resource_index/package_run_dependencies/chassis
[0.267s] -- Up-to-date: /data/steering_ws/install/chassis/share/ament_index/resource_index/parent_prefix_path/chassis
[0.268s] -- Up-to-date: /data/steering_ws/install/chassis/share/chassis/environment/ament_prefix_path.sh
[0.268s] -- Up-to-date: /data/steering_ws/install/chassis/share/chassis/environment/ament_prefix_path.dsv
[0.268s] -- Up-to-date: /data/steering_ws/install/chassis/share/chassis/environment/path.sh
[0.268s] -- Up-to-date: /data/steering_ws/install/chassis/share/chassis/environment/path.dsv
[0.268s] -- Up-to-date: /data/steering_ws/install/chassis/share/chassis/local_setup.bash
[0.268s] -- Up-to-date: /data/steering_ws/install/chassis/share/chassis/local_setup.sh
[0.268s] -- Up-to-date: /data/steering_ws/install/chassis/share/chassis/local_setup.zsh
[0.268s] -- Up-to-date: /data/steering_ws/install/chassis/share/chassis/local_setup.dsv
[0.268s] -- Installing: /data/steering_ws/install/chassis/share/chassis/package.dsv
[0.268s] -- Up-to-date: /data/steering_ws/install/chassis/share/ament_index/resource_index/packages/chassis
[0.268s] -- Up-to-date: /data/steering_ws/install/chassis/share/chassis/cmake/chassisConfig.cmake
[0.268s] -- Up-to-date: /data/steering_ws/install/chassis/share/chassis/cmake/chassisConfig-version.cmake
[0.268s] -- Up-to-date: /data/steering_ws/install/chassis/share/chassis/package.xml
[0.269s] Invoked command in '/data/steering_ws/build/chassis' returned '0': CMAKE_PREFIX_PATH=${CMAKE_PREFIX_PATH}:/data/steering_ws/install/chassis_description:/opt/ros/humble /usr/bin/cmake --install /data/steering_ws/build/chassis
